app/build/outputs/mapping/fdroidRelease/seeds.txt
com.kin.easynotes.data.local.database.NoteDatabase
com.kin.easynotes.presentation.MainActivity_GeneratedInjector
com.kin.easynotes.presentation.screens.edit.model.EditViewModel
com.kin.easynotes.App
com.kin.easynotes.App_GeneratedInjector
com.kin.easynotes.data.local.database.NoteDatabase_Impl
com.kin.easynotes.widget.NotesWidgetActivity
com.kin.easynotes.widget.NotesWidgetReceiver
com.kin.easynotes.widget.WidgetModelRepositoryEntryPoint
com.kin.easynotes.widget.AddNoteReceiver
com.kin.easynotes.presentation.screens.settings.model.SettingsViewModel
com.kin.easynotes.widget.NotesWidgetActivity_GeneratedInjector
com.kin.easynotes.presentation.screens.home.viewmodel.HomeViewModel
com.kin.easynotes.presentation.MainActivity
com.kin.easynotes.App: App()
com.kin.easynotes.widget.AddNoteReceiver: AddNoteReceiver()
com.kin.easynotes.widget.NotesWidgetReceiver: NotesWidgetReceiver()
com.kin.easynotes.data.local.database.NoteDatabase_Impl: NoteDatabase_Impl()
com.kin.easynotes.presentation.screens.settings.widgets.ActionType: com.kin.easynotes.presentation.screens.settings.widgets.ActionType[] values()
com.kin.easynotes.data.local.database.NoteDatabase: NoteDatabase()
com.kin.easynotes.presentation.theme.PaletteStyle: com.kin.easynotes.presentation.theme.PaletteStyle[] values()
com.kin.easynotes.widget.NotesWidgetActivity: NotesWidgetActivity()
com.kin.easynotes.presentation.MainActivity: MainActivity()
com.kin.easynotes.presentation.components.DecryptionResult: com.kin.easynotes.presentation.components.DecryptionResult valueOf(java.lang.String)
com.kin.easynotes.presentation.theme.PaletteStyle: com.kin.easynotes.presentation.theme.PaletteStyle valueOf(java.lang.String)
com.kin.easynotes.presentation.screens.settings.widgets.ActionType: com.kin.easynotes.presentation.screens.settings.widgets.ActionType valueOf(java.lang.String)
com.kin.easynotes.presentation.components.DecryptionResult: com.kin.easynotes.presentation.components.DecryptionResult[] values()
...
androidx.compose.foundation.text.input.internal.HandwritingGestureApi34: int performDeleteGesture(androidx.compose.foundation.text.LegacyTextFieldState,android.view.inputmethod.DeleteGesture,androidx.compose.ui.text.AnnotatedString,kotlin.jvm.functions.Function1)
androidx.core.view.WindowInsetsCompat$Impl20: void setSystemUiVisibility(int)
androidx.core.graphics.drawable.IconCompatParcelizer: androidx.core.graphics.drawable.IconCompat read(androidx.versionedparcelable.VersionedParcel)
androidx.compose.material3.tokens.ShapeKeyTokens: androidx.compose.material3.tokens.ShapeKeyTokens valueOf(java.lang.String)
androidx.compose.ui.platform.AndroidComposeView: androidx.compose.ui.contentcapture.AndroidContentCaptureManager getContentCaptureManager$ui_release()
androidx.compose.ui.autofill.AutofillType: androidx.compose.ui.autofill.AutofillType valueOf(java.lang.String)
androidx.appcompat.widget.LinearLayoutCompat: void setMeasureWithLargestChildEnabled(boolean)
androidx.core.view.WindowInsetsCompat$TypeImpl30: int toPlatformType(int)
androidx.appcompat.widget.AppCompatAutoCompleteTextView: void setKeyListener(android.text.method.KeyListener)
androidx.appcompat.widget.AppCompatRadioButton: android.content.res.ColorStateList getSupportButtonTintList()
androidx.compose.ui.platform.AndroidComposeViewVerificationHelperMethodsO: void focusable(android.view.View,int,boolean)
androidx.core.view.ViewCompat$Api30Impl: java.lang.CharSequence getStateDescription(android.view.View)
androidx.work.CoroutineWorker: CoroutineWorker(android.content.Context,androidx.work.WorkerParameters)
androidx.appcompat.widget.ActionBarContainer: void setTransitioning(boolean)
androidx.core.view.WindowInsetsCompat$Impl21: void setStableInsets(androidx.core.graphics.Insets)
androidx.compose.ui.text.android.CanvasCompatS: void drawPatch(android.graphics.Canvas,android.graphics.NinePatch,android.graphics.Rect,android.graphics.Paint)
androidx.appcompat.widget.AppCompatMultiAutoCompleteTextView: void setDropDownBackgroundResource(int)
androidx.appcompat.widget.AppCompatMultiAutoCompleteTextView: void setSupportCompoundDrawablesTintList(android.content.res.ColorStateList)
androidx.core.view.WindowInsetsCompat$Impl: boolean equals(java.lang.Object)
androidx.compose.ui.text.input.TextInputServiceAndroid$TextInputCommand: androidx.compose.ui.text.input.TextInputServiceAndroid$TextInputCommand valueOf(java.lang.String)
androidx.core.view.WindowInsetsCompat$Impl29: androidx.core.graphics.Insets getSystemGestureInsets()
androidx.core.view.WindowInsetsCompat$TypeImpl34: int toPlatformType(int)
androidx.compose.ui.window.PopupLayout: boolean getCanCalculatePosition()
androidx.appcompat.widget.AppCompatEditText: android.graphics.PorterDuff$Mode getSupportCompoundDrawablesTintMode()
androidx.lifecycle.ReportFragment$LifecycleCallbacks: void onActivityDestroyed(android.app.Activity)
androidx.appcompat.view.menu.ListMenuItemView: void setSubMenuArrowVisible(boolean)
androidx.glance.appwidget.action.ActionCallbackBroadcastReceiver: ActionCallbackBroadcastReceiver()
androidx.glance.appwidget.GlanceRemoteViewsServiceKt: void setRemoteAdapter(android.widget.RemoteViews,android.content.Context,int,int,java.lang.String,androidx.glance.appwidget.RemoteCollectionItems)
androidx.graphics.path.PathIteratorPreApi34Impl: boolean internalPathIteratorHasNext(long)
androidx.compose.ui.text.font.TypefaceHelperMethodsApi28: android.graphics.Typeface create(android.graphics.Typeface,int,boolean)
androidx.glance.appwidget.proto.LayoutProto$LayoutType: androidx.glance.appwidget.proto.LayoutProto$LayoutType valueOf(java.lang.String)
androidx.glance.appwidget.CollectionItemsApi31Impl: void setRemoteAdapter(android.widget.RemoteViews,int,androidx.glance.appwidget.RemoteCollectionItems)
androidx.fragment.app.FragmentContainerView: void setLayoutTransition(android.animation.LayoutTransition)